<?xml version="1.0" encoding="UTF-8"?>
<!-- Generated by org.testng.reporters.JUnitReportReporter -->
<testsuite hostname="DESKTOP-EFP93MD" failures="0" tests="3" name="homepagetest.HomePageTest" time="25.756" errors="0" timestamp="2021-03-17T23:06:08 PDT" skipped="1">
  <testcase classname="homepagetest.HomePageTest" name="testSearchBox" time="18.398"/>
  <system-out/>
  <testcase classname="homepagetest.HomePageTest" name="demo" time="7.358"/>
  <system-out/>
  <testcase classname="homepagetest.HomePageTest" name="testSearchBox1">
    <skipped/>
  </testcase> <!-- testSearchBox1 -->
  <system-out/>
</testsuite> <!-- homepagetest.HomePageTest -->
